<?xml version="1.0" encoding="UTF-8"?>
<!-- Generated by org.testng.reporters.JUnitReportReporter -->
<testsuite hostname="jayadeeps-MacBook-Pro.local" failures="0" tests="3" name="DemoProp.PropertyTestNG" time="0.012" errors="0" timestamp="2021-06-15T09:36:43 IST" skipped="0">
  <testcase classname="DemoProp.PropertyTestNG" name="test2" time="0.008"/>
  <system-out/>
  <testcase classname="DemoProp.PropertyTestNG" name="test3" time="0.003"/>
  <system-out/>
  <testcase classname="DemoProp.PropertyTestNG" name="test1" time="0.001"/>
  <system-out/>
</testsuite> <!-- DemoProp.PropertyTestNG -->
