<?xml version="1.0" encoding="UTF-8"?>
<!-- Generated by org.testng.reporters.JUnitReportReporter -->
<testsuite hostname="jayadeeps-MacBook-Pro.local" failures="0" tests="3" name="Listners.TestNgListnerDemo" time="0.017" errors="0" timestamp="2021-06-14T19:48:01 IST" skipped="1">
  <testcase classname="Listners.TestNgListnerDemo" name="test6" time="0.002">
    <skipped/>
  </testcase> <!-- test6 -->
  <system-out/>
  <testcase classname="Listners.TestNgListnerDemo" name="test4" time="0.012"/>
  <system-out/>
  <testcase classname="Listners.TestNgListnerDemo" name="test5" time="0.003"/>
  <system-out/>
</testsuite> <!-- Listners.TestNgListnerDemo -->
