<?xml version="1.0" encoding="UTF-8"?>
<!-- Generated by org.testng.reporters.JUnitReportReporter -->
<testsuite hostname="jayadeeps-MacBook-Pro.local" failures="0" tests="3" name="DemoTestNG.DependenciesTestNG" time="0.014" errors="0" timestamp="2021-06-15T17:21:08 IST" skipped="0">
  <testcase classname="DemoTestNG.DependenciesTestNG" name="test3" time="0.003"/>
  <system-out/>
  <testcase classname="DemoTestNG.DependenciesTestNG" name="test2" time="0.010"/>
  <system-out/>
  <testcase classname="DemoTestNG.DependenciesTestNG" name="test1" time="0.001"/>
  <system-out/>
</testsuite> <!-- DemoTestNG.DependenciesTestNG -->
