<?xml version="1.0" encoding="UTF-8"?>
<!-- Generated by org.testng.reporters.JUnitReportReporter -->
<testsuite hostname="jayadeeps-MacBook-Pro.local" failures="0" tests="4" name="DemoTestNG.GroupsTestNG" time="0.006" errors="0" timestamp="2021-06-15T16:59:45 IST" skipped="0">
  <testcase classname="DemoTestNG.GroupsTestNG" name="test2" time="0.003"/>
  <system-out/>
  <testcase classname="DemoTestNG.GroupsTestNG" name="test3" time="0.001"/>
  <system-out/>
  <testcase classname="DemoTestNG.GroupsTestNG" name="test4" time="0.001"/>
  <system-out/>
  <testcase classname="DemoTestNG.GroupsTestNG" name="test1" time="0.001"/>
  <system-out/>
</testsuite> <!-- DemoTestNG.GroupsTestNG -->
