<?xml version="1.0" encoding="UTF-8"?>
<!-- Generated by org.testng.reporters.JUnitReportReporter -->
<testsuite hostname="jayadeeps-MacBook-Pro.local" failures="0" tests="2" name="seleniumtest1.ExtendreportTestNG" time="2.280" errors="0" timestamp="2021-06-12T16:37:21 IST" skipped="0">
  <testcase classname="seleniumtest1.ExtendreportTestNG" name="test2" time="0.001"/>
  <system-out/>
  <testcase classname="seleniumtest1.ExtendreportTestNG" name="test1" time="2.279"/>
  <system-out/>
</testsuite> <!-- seleniumtest1.ExtendreportTestNG -->
