<?xml version="1.0" encoding="UTF-8"?>
<!-- Generated by org.testng.reporters.JUnitReportReporter -->
<testsuite hostname="jayadeeps-MacBook-Pro.local" failures="0" tests="1" name="seleniumtest1.TestduckduckgoTestNG2" time="7.180" errors="0" timestamp="2021-06-13T10:02:32 IST" skipped="0">
  <testcase classname="seleniumtest1.TestduckduckgoTestNG2" name="duckduckgoSearch3" time="7.180"/>
  <system-out/>
</testsuite> <!-- seleniumtest1.TestduckduckgoTestNG2 -->
