<?xml version="1.0" encoding="UTF-8"?>
<!-- Generated by org.testng.reporters.JUnitReportReporter -->
<testsuite hostname="jayadeeps-MacBook-Pro.local" failures="0" tests="1" name="DemoTestNG.IgnoreTestNG" time="0.017" errors="0" timestamp="2021-06-15T17:36:19 IST" skipped="0">
  <testcase classname="DemoTestNG.IgnoreTestNG" name="test2" time="0.017"/>
  <system-out/>
</testsuite> <!-- DemoTestNG.IgnoreTestNG -->
