<?xml version="1.0" encoding="UTF-8"?>
<!-- Generated by org.testng.reporters.JUnitReportReporter -->
<testsuite hostname="jayadeeps-MacBook-Pro.local" failures="0" tests="2" name="DemoTestNG.MultiBrowserTestNG" time="11.026" errors="0" timestamp="2021-06-15T13:00:35 IST" skipped="0">
  <testcase classname="DemoTestNG.MultiBrowserTestNG" name="test1" time="4.815"/>
  <system-out/>
  <testcase classname="DemoTestNG.MultiBrowserTestNG" name="test1" time="6.211"/>
  <system-out/>
</testsuite> <!-- DemoTestNG.MultiBrowserTestNG -->
