<?xml version="1.0" encoding="UTF-8"?>
<!-- Generated by org.testng.reporters.JUnitReportReporter -->
<testsuite hostname="jayadeeps-MacBook-Pro.local" failures="0" tests="1" name="config.PropertiesexampleTestNG" time="4.613" errors="0" timestamp="2021-06-14T15:45:08 IST" skipped="0">
  <testcase classname="config.PropertiesexampleTestNG" name="duckduckgoSearch2" time="4.613"/>
  <system-out/>
</testsuite> <!-- config.PropertiesexampleTestNG -->
