<?xml version="1.0" encoding="UTF-8"?>
<!-- Generated by org.testng.reporters.JUnitReportReporter -->
<testsuite hostname="jayadeeps-MacBook-Pro.local" failures="0" tests="1" name="DemoTestNG.ParametersTestNG" time="0.008" errors="0" timestamp="2021-06-15T16:59:28 IST" skipped="0">
  <testcase classname="DemoTestNG.ParametersTestNG" name="test" time="0.008"/>
  <system-out/>
</testsuite> <!-- DemoTestNG.ParametersTestNG -->
